<?xml version="1.0" encoding="UTF-8"?>
<!-- Generated by org.testng.reporters.JUnitReportReporter -->
<testsuite hostname="DESKTOP-LBJ1CEO" failures="0" tests="1" name="com.expedia.flightbooking.TestNG_TestSuite" time="2.959" errors="0" timestamp="12 Apr 2020 15:28:28 GMT" skipped="0">
  <testcase classname="com.expedia.flightbooking.TestNG_TestSuite" name="fillBasicInfo" time="2.959"/>
</testsuite> <!-- com.expedia.flightbooking.TestNG_TestSuite -->
