<?xml version="1.0" encoding="UTF-8"?>
<!-- Generated by org.testng.reporters.JUnitReportReporter -->
<testsuite hostname="DESKTOP-LBJ1CEO" failures="0" tests="4" name="com.expedia.flightbooking.TestNG_Grouping" time="0.001" errors="0" timestamp="12 Apr 2020 15:25:21 GMT" skipped="0">
  <testcase classname="com.expedia.flightbooking.TestNG_Grouping" name="testAudiA6" time="0.001"/>
  <testcase classname="com.expedia.flightbooking.TestNG_Grouping" name="testBMWX6" time="0.000"/>
  <testcase classname="com.expedia.flightbooking.TestNG_Grouping" name="testHondaCBR" time="0.000"/>
  <testcase classname="com.expedia.flightbooking.TestNG_Grouping" name="testNinja" time="0.000"/>
</testsuite> <!-- com.expedia.flightbooking.TestNG_Grouping -->
